[14:19:59] [ServerMain/WARN]: You specified a resource pack without providing a sha1 hash. Pack will be updated on the client only if you change the name of the pack.
[14:19:59] [ServerMain/WARN]: Failed to parse resource pack prompt 'For OreoMC'
com.google.gson.JsonSyntaxException: com.google.gson.stream.MalformedJsonException: Use JsonReader.setLenient(true) to accept malformed JSON at line 1 column 6 path $
	at com.google.gson.JsonParser.parseReader(JsonParser.java:76) ~[gson-2.10.1.jar:?]
	at com.google.gson.JsonParser.parseString(JsonParser.java:51) ~[gson-2.10.1.jar:?]
	at net.minecraft.network.chat.Component$Serializer.fromJson(Component.java:308) ~[?:?]
	at net.minecraft.server.dedicated.DedicatedServerProperties.parseResourcePackPrompt(DedicatedServerProperties.java:193) ~[purpur-1.20.4.jar:git-Purpur-2176]
	at net.minecraft.server.dedicated.DedicatedServerProperties.getServerPackInfo(DedicatedServerProperties.java:226) ~[purpur-1.20.4.jar:git-Purpur-2176]
	at net.minecraft.server.dedicated.DedicatedServerProperties.<init>(DedicatedServerProperties.java:170) ~[purpur-1.20.4.jar:git-Purpur-2176]
	at net.minecraft.server.dedicated.DedicatedServerProperties.fromFile(DedicatedServerProperties.java:180) ~[purpur-1.20.4.jar:git-Purpur-2176]
	at net.minecraft.server.dedicated.DedicatedServerSettings.<init>(DedicatedServerSettings.java:19) ~[purpur-1.20.4.jar:git-Purpur-2176]
	at net.minecraft.server.Main.main(Main.java:125) ~[purpur-1.20.4.jar:git-Purpur-2176]
	at org.bukkit.craftbukkit.Main.main(Main.java:340) ~[purpur-1.20.4.jar:git-Purpur-2176]
	at io.papermc.paperclip.Paperclip.lambda$main$0(Paperclip.java:42) ~[app:?]
	at java.lang.Thread.run(Thread.java:1583) ~[?:?]
Caused by: com.google.gson.stream.MalformedJsonException: Use JsonReader.setLenient(true) to accept malformed JSON at line 1 column 6 path $
	at com.google.gson.stream.JsonReader.syntaxError(JsonReader.java:1659) ~[gson-2.10.1.jar:?]
	at com.google.gson.stream.JsonReader.checkLenient(JsonReader.java:1465) ~[gson-2.10.1.jar:?]
	at com.google.gson.stream.JsonReader.doPeek(JsonReader.java:551) ~[gson-2.10.1.jar:?]
	at com.google.gson.stream.JsonReader.peek(JsonReader.java:433) ~[gson-2.10.1.jar:?]
	at com.google.gson.JsonParser.parseReader(JsonParser.java:71) ~[gson-2.10.1.jar:?]
	... 11 more
[14:19:59] [ServerMain/WARN]: resource-pack-id missing, using default of a90fe84b-7392-3232-8a4e-9cde9b0a8ed8
[14:19:59] [ServerMain/INFO]: Environment: Environment[sessionHost=https://sessionserver.mojang.com, servicesHost=https://api.minecraftservices.com, name=PROD]
[14:20:01] [ServerMain/INFO]: Loaded 1297 recipes
[14:20:01] [ServerMain/INFO]: Loaded 1394 advancements
[14:20:01] [Server thread/INFO]: Starting minecraft server version 1.20.4
[14:20:01] [Server thread/INFO]: Loading properties
[14:20:01] [Server thread/INFO]: This server is running Purpur version git-Purpur-2176 (MC: 1.20.4) (Implementing API version 1.20.4-R0.1-SNAPSHOT) (Git: 6b1ee98 on HEAD)
[14:20:02] [Server thread/INFO]: Server Ping Player Sample Count: 12
[14:20:02] [Server thread/INFO]: Using 4 threads for Netty based IO
[14:20:02] [Server thread/INFO]: [ChunkTaskScheduler] Chunk system is using 1 I/O threads, 1 worker threads, and gen parallelism of 1 threads
[14:20:02] [Server thread/ERROR]: [Configurations] Loading a newer configuration than is supported (31 > 30)! You may have to backup & delete the world defaults config file to start the server.
[14:20:03] [Server thread/WARN]: [Pufferfish] SIMD operations are available for your server, but are not configured!
[14:20:03] [Server thread/WARN]: [Pufferfish] To enable additional optimizations, add "--add-modules=jdk.incubator.vector" to your startup flags, BEFORE the "-jar".
[14:20:03] [Server thread/WARN]: [Pufferfish] If you have already added this flag, then SIMD operations are not supported on your JVM or CPU.
[14:20:03] [Server thread/WARN]: [Pufferfish] Debug: Java: 21.0.3, test run: true
[14:20:03] [Server thread/INFO]: Default game type: SURVIVAL
[14:20:03] [Server thread/INFO]: Generating keypair
[14:20:03] [Server thread/INFO]: Starting Minecraft server on *:25565
[14:20:03] [Server thread/INFO]: Using epoll channel type
[14:20:03] [Server thread/INFO]: Paper: Using libdeflate (Linux x86_64) compression from Velocity.
[14:20:03] [Server thread/INFO]: Paper: Using OpenSSL 1.1.x (Linux x86_64) cipher from Velocity.
[14:20:03] [Server thread/ERROR]: [ModernPluginLoadingStrategy] Could not load 'plugins/ViaBackwards-5.0.2-SNAPSHOT.jar' in 'plugins'
org.bukkit.plugin.UnknownDependencyException: Unknown/missing dependency plugins: [ViaVersion]. Please download and install these plugins to run 'ViaBackwards'.
	at io.papermc.paper.plugin.entrypoint.strategy.modern.ModernPluginLoadingStrategy.loadProviders(ModernPluginLoadingStrategy.java:82) ~[purpur-1.20.4.jar:git-Purpur-2176]
	at io.papermc.paper.plugin.storage.SimpleProviderStorage.enter(SimpleProviderStorage.java:38) ~[purpur-1.20.4.jar:git-Purpur-2176]
	at io.papermc.paper.plugin.entrypoint.LaunchEntryPointHandler.enter(LaunchEntryPointHandler.java:36) ~[purpur-1.20.4.jar:git-Purpur-2176]
	at org.bukkit.craftbukkit.v1_20_R3.CraftServer.loadPlugins(CraftServer.java:521) ~[purpur-1.20.4.jar:git-Purpur-2176]
	at net.minecraft.server.dedicated.DedicatedServer.initServer(DedicatedServer.java:311) ~[purpur-1.20.4.jar:git-Purpur-2176]
	at net.minecraft.server.MinecraftServer.runServer(MinecraftServer.java:1146) ~[purpur-1.20.4.jar:git-Purpur-2176]
	at net.minecraft.server.MinecraftServer.lambda$spin$0(MinecraftServer.java:323) ~[purpur-1.20.4.jar:git-Purpur-2176]
	at java.lang.Thread.run(Thread.java:1583) ~[?:?]
[14:20:03] [Server thread/INFO]: [spark] Loading server plugin spark v1.10.73
[14:20:03] [Server thread/INFO]: [WorldEdit] Loading server plugin WorldEdit v7.3.3+6788-6359df8
[14:20:04] [Server thread/INFO]: Got request to register class com.sk89q.worldedit.bukkit.BukkitServerInterface with WorldEdit [com.sk89q.worldedit.extension.platform.PlatformManager@55c99959]
[14:20:04] [Server thread/INFO]: Server permissions file permissions.yml is empty, ignoring it
[14:20:04] [Server thread/INFO]: [WorldEdit] Enabling WorldEdit v7.3.3+6788-6359df8
[14:20:04] [Server thread/INFO]: Registering commands with com.sk89q.worldedit.bukkit.BukkitServerInterface
[14:20:04] [Server thread/INFO]: WEPIF: Using the Bukkit Permissions API.
[14:20:04] [Server thread/INFO]: Using com.sk89q.worldedit.bukkit.adapter.impl.v1_20_R3.PaperweightAdapter as the Bukkit adapter
[14:20:06] [Server thread/WARN]: **** SERVER IS RUNNING IN OFFLINE/INSECURE MODE!
[14:20:06] [Server thread/WARN]: The server will make no attempt to authenticate usernames. Beware.
[14:20:06] [Server thread/WARN]: While this makes the game possible to play without internet access, it also opens up the ability for hackers to connect with any username they choose.
[14:20:06] [Server thread/WARN]: To change this, set "online-mode" to "true" in the server.properties file.
[14:20:06] [Server thread/INFO]: Preparing level "world"
[14:20:07] [Server thread/INFO]: Preparing start region for dimension minecraft:overworld
[14:20:07] [Server thread/INFO]: Time elapsed: 257 ms
[14:20:07] [Server thread/INFO]: Preparing start region for dimension minecraft:the_nether
[14:20:07] [Server thread/INFO]: Time elapsed: 75 ms
[14:20:07] [Server thread/INFO]: Preparing start region for dimension minecraft:the_end
[14:20:07] [Server thread/INFO]: Time elapsed: 56 ms
[14:20:07] [Server thread/INFO]: [spark] Enabling spark v1.10.73
[14:20:07] [Server thread/INFO]: [spark] Using Paper ServerTickStartEvent for tick monitoring
[14:20:08] [Server thread/INFO]: [spark] Starting background profiler...
[14:20:09] [Server thread/INFO]: Running delayed init tasks
[14:20:09] [Server thread/INFO]: Done (7.508s)! For help, type "help"
[14:21:13] [User Authenticator #0/INFO]: UUID of player durubu is e07778f9-8c43-3c31-8980-5a501ce4b29b
[14:21:57] [Server thread/INFO]: durubu joined the game
[14:21:57] [Server thread/INFO]: durubu[/127.74.12.19:34161] logged in with entity id 51 at ([world]-29.46228018675024, 14.754469696470187, -48.114591520382085)
[14:29:00] [Server thread/INFO]: durubu issued server command: //set 5%grass_block,50%dirt_path
[14:29:07] [Server thread/INFO]: durubu issued server command: //set 5%grass_block,50%dirt_path
[14:30:09] [Server thread/INFO]: durubu issued server command: //set iar
[14:30:11] [Server thread/INFO]: durubu issued server command: //set air
[14:30:16] [Server thread/INFO]: durubu issued server command: //undo
[14:30:21] [Server thread/INFO]: durubu issued server command: //set air
[14:33:35] [Server thread/INFO]: durubu issued server command: /tick query
[14:33:46] [Server thread/INFO]: durubu issued server command: /tick rate 5
[14:33:46] [Server thread/INFO]: [durubu: Set the target tick rate to 5.0 per second]
[14:33:59] [Server thread/INFO]: durubu issued server command: /tick freeze
[14:33:59] [Server thread/INFO]: [durubu: The game is frozen]
[14:34:03] [Server thread/INFO]: durubu issued server command: /tick unfreeze
[14:34:03] [Server thread/INFO]: [durubu: The game runs normally]
[14:34:13] [Server thread/INFO]: durubu issued server command: /tick rate 20
[14:34:13] [Server thread/INFO]: [durubu: Set the target tick rate to 20.0 per second]
[14:34:27] [Server thread/INFO]: durubu issued server command: /tick rate 2
[14:34:27] [Server thread/INFO]: [durubu: Set the target tick rate to 2.0 per second]
[14:34:49] [Server thread/INFO]: durubu issued server command: /tick rate 20
[14:34:49] [Server thread/INFO]: [durubu: Set the target tick rate to 20.0 per second]
[14:34:58] [Server thread/INFO]: durubu issued server command: /tick rate 2
[14:34:58] [Server thread/INFO]: [durubu: Set the target tick rate to 2.0 per second]
[14:35:21] [Server thread/INFO]: durubu issued server command: /gamemode survival
[14:35:21] [Server thread/INFO]: [durubu: Set own game mode to Survival Mode]
[14:38:55] [Server thread/INFO]: durubu issued server command: /gamemode creative
[14:38:55] [Server thread/INFO]: [durubu: Set own game mode to Creative Mode]
[14:41:47] [Server thread/INFO]: durubu issued server command: /gamemode survival
[14:41:47] [Server thread/INFO]: [durubu: Set own game mode to Survival Mode]
[14:43:11] [Server thread/INFO]: durubu issued server command: /gamemode creative
[14:43:11] [Server thread/INFO]: [durubu: Set own game mode to Creative Mode]
[14:43:31] [Server thread/INFO]: durubu has made the advancement [Ice Bucket Challenge]
[14:43:54] [Server thread/INFO]: durubu issued server command: /tick rate 20
[14:43:54] [Server thread/INFO]: [durubu: Set the target tick rate to 20.0 per second]
[14:44:21] [Server thread/INFO]: Villager EntityVillager['Villager'/118, uuid='e49d348a-12be-49f6-949b-964eac29a06c', l='ServerLevel[world]', x=-36.83, y=13.00, z=14.42, cpos=[-3, 0], tl=583, v=true] died, message: 'Villager was slain by durubu using [ASGARD AXE]'
[14:44:24] [Server thread/INFO]: Villager EntityVillager['Villager'/116, uuid='0737e48e-0a9e-4391-9a83-1f69e46eb620', l='ServerLevel[world]', x=-22.23, y=13.00, z=18.64, cpos=[-2, 1], tl=648, v=true] died, message: 'Villager was slain by durubu using [ASGARD AXE]'
[14:44:27] [Server thread/INFO]: Villager EntityVillager['Villager'/117, uuid='bf449362-4cf6-40dd-a620-e013c0a42bb2', l='ServerLevel[world]', x=-32.17, y=13.00, z=-12.14, cpos=[-3, -1], tl=711, v=true] died, message: 'Villager was slain by durubu using [ASGARD AXE]'
[14:45:20] [Server thread/INFO]: durubu issued server command: /fill -47 12 -36
[14:45:26] [Server thread/INFO]: durubu issued server command: /fill -47 12 -36 -67 12 -61 minecraft:obsidian
[14:45:26] [Server thread/INFO]: [durubu: Successfully filled 546 block(s)]
[14:45:34] [Server thread/INFO]: durubu issued server command: /summon minecraft:iron_golem
[14:45:34] [Server thread/INFO]: [durubu: Summoned new Iron Golem]
[14:45:38] [Server thread/INFO]: durubu issued server command: /tick rate 2
[14:45:38] [Server thread/INFO]: [durubu: Set the target tick rate to 2.0 per second]
[14:45:54] [Server thread/INFO]: durubu issued server command: /gamemode survival
[14:45:54] [Server thread/INFO]: [durubu: Set own game mode to Survival Mode]
[14:47:43] [Server thread/INFO]: durubu issued server command: /summon minecraft:iron_golem
[14:47:43] [Server thread/INFO]: [durubu: Summoned new Iron Golem]
[14:47:59] [Server thread/INFO]: durubu has reached the goal [Postmortal]
[14:49:04] [Server thread/INFO]: durubu issued server command: /effect give durubu minecraft:instant_health 10 255 true
[14:49:04] [Server thread/INFO]: [durubu: Applied effect Instant Health to durubu]
[14:50:18] [Server thread/INFO]: durubu issued server command: /summon minecraft:iron_golem
[14:50:18] [Server thread/INFO]: [durubu: Summoned new Iron Golem]
[14:50:34] [Server thread/INFO]: durubu issued server command: /effect give @s minecraft:health_boost 10 255 true
[14:50:34] [Server thread/INFO]: [durubu: Applied effect Health Boost to durubu]
[14:50:42] [Server thread/INFO]: durubu issued server command: /effect clear
[14:50:42] [Server thread/INFO]: [durubu: Removed every effect from durubu]
[14:51:51] [Server thread/INFO]: durubu issued server command: /tick rate 20
[14:51:51] [Server thread/INFO]: [durubu: Set the target tick rate to 20.0 per second]
[14:51:54] [Server thread/INFO]: durubu was blown up by durubu
[14:52:07] [Server thread/INFO]: durubu issued server command: /gamemode creative
[14:52:07] [Server thread/INFO]: [durubu: Set own game mode to Creative Mode]
[14:52:19] [Server thread/INFO]: durubu issued server command: /clear
[14:52:19] [Server thread/INFO]: [durubu: Removed 137 item(s) from player durubu]
[15:02:49] [Server thread/INFO]: durubu issued server command: /tick rate 10
[15:02:49] [Server thread/INFO]: [durubu: Set the target tick rate to 10.0 per second]
[15:02:56] [Server thread/INFO]: durubu issued server command: /tick rate 5
[15:02:56] [Server thread/INFO]: [durubu: Set the target tick rate to 5.0 per second]
[15:03:25] [Server thread/INFO]: durubu issued server command: /tick rate 2
[15:03:25] [Server thread/INFO]: [durubu: Set the target tick rate to 2.0 per second]
[15:04:52] [Server thread/INFO]: durubu issued server command: /gamemode survival
[15:04:52] [Server thread/INFO]: [durubu: Set own game mode to Survival Mode]
[15:14:47] [Server thread/INFO]: durubu issued server command: /clear
[15:14:47] [Server thread/INFO]: [durubu: Removed 540 item(s) from player durubu]
[15:14:58] [Server thread/INFO]: durubu issued server command: /give @s minecraft:end_crystal 64
[15:14:58] [Server thread/INFO]: [durubu: Gave 64 [End Crystal] to durubu]
[15:15:05] [Server thread/INFO]: durubu issued server command: /give @s minecraft:obsidian 64
[15:15:05] [Server thread/INFO]: [durubu: Gave 64 [Obsidian] to durubu]
[15:15:14] [Server thread/INFO]: durubu issued server command: /give @s minecraft:glowstone 64
[15:15:14] [Server thread/INFO]: [durubu: Gave 64 [Glowstone] to durubu]
[15:15:28] [Server thread/INFO]: durubu issued server command: /give @s minecraft:respawn_anchor
[15:15:28] [Server thread/INFO]: [durubu: Gave 1 [Respawn Anchor] to durubu]
[15:15:32] [Server thread/INFO]: durubu issued server command: /give @s minecraft:respawn_anchor 63
[15:15:32] [Server thread/INFO]: [durubu: Gave 63 [Respawn Anchor] to durubu]
[15:15:48] [Server thread/INFO]: durubu issued server command: /give @s minecraft:totem_of_undying 32
[15:15:48] [Server thread/INFO]: [durubu: Gave 32 [Totem of Undying] to durubu]
[15:15:54] [Server thread/INFO]: durubu issued server command: /summon minecraft:iron_golem
[15:15:54] [Server thread/INFO]: [durubu: Summoned new Iron Golem]
[15:16:02] [Server thread/INFO]: durubu issued server command: /give @s minecraft:ender_pearl 64
[15:16:02] [Server thread/INFO]: [durubu: Gave 64 [Ender Pearl] to durubu]
[15:16:10] [Server thread/INFO]: durubu has made the advancement [Not Quite "Nine" Lives]
[15:16:29] [Server thread/INFO]: durubu was blown up by durubu
[15:17:03] [Server thread/INFO]: durubu issued server command: /effect give @s speed infinite 5 true
[15:17:03] [Server thread/INFO]: [durubu: Applied effect Speed to durubu]
[15:17:10] [Server thread/INFO]: durubu issued server command: /effect give @s speed infinite 255 true
[15:17:10] [Server thread/INFO]: [durubu: Applied effect Speed to durubu]
[15:17:10] [Server thread/WARN]: durubu moved too quickly! -6.760364616582493,0.0,-7.74948209310879
[15:17:19] [Server thread/INFO]: durubu issued server command: /effect clear
[15:17:19] [Server thread/INFO]: [durubu: Removed every effect from durubu]
[15:17:55] [Server thread/INFO]: durubu issued server command: /kill @e[type=item]
[15:17:55] [Server thread/INFO]: [durubu: Killed 23 entities]
[15:18:02] [Server thread/INFO]: durubu issued server command: /give @s minecraft:totem_of_undying 64
[15:18:02] [Server thread/INFO]: [durubu: Gave 64 [Totem of Undying] to durubu]
[15:18:06] [Server thread/INFO]: durubu issued server command: /kill @e[type=item]
[15:18:06] [Server thread/INFO]: [durubu: Killed 45 entities]
[15:18:14] [Server thread/INFO]: durubu issued server command: /summon minecraft:wither_skeleton
[15:18:14] [Server thread/INFO]: [durubu: Summoned new Wither Skeleton]
[15:18:19] [Server thread/INFO]: durubu issued server command: /summon minecraft:wither_skeleton
[15:18:19] [Server thread/INFO]: [durubu: Summoned new Wither Skeleton]
[15:18:32] [Server thread/INFO]: durubu has made the advancement [Monster Hunter]
[15:18:37] [Server thread/INFO]: durubu issued server command: /summon minecraft:wither_skeleton
[15:18:37] [Server thread/INFO]: [durubu: Summoned new Wither Skeleton]
[15:18:48] [Server thread/INFO]: durubu issued server command: /summon minecraft:wither_skeleton
[15:18:48] [Server thread/INFO]: [durubu: Summoned new Wither Skeleton]
[15:19:19] [Server thread/INFO]: durubu issued server command: /summon minecraft:wither_skeleton
[15:19:19] [Server thread/INFO]: [durubu: Summoned new Wither Skeleton]
[15:19:38] [Server thread/INFO]: durubu issued server command: /gamemode creative
[15:19:38] [Server thread/INFO]: [durubu: Set own game mode to Creative Mode]
[15:20:25] [Server thread/INFO]: durubu issued server command: /tick rate 20
[15:20:25] [Server thread/INFO]: [durubu: Set the target tick rate to 20.0 per second]
[15:20:53] [Server thread/INFO]: durubu issued server command: /fill -47 26 -36
[15:21:00] [Server thread/INFO]: durubu issued server command: /fill -47 26 -36 -67 13 -61 minecraft:obsidian
[15:21:00] [Server thread/INFO]: [durubu: Successfully filled 7553 block(s)]
[15:21:04] [Server thread/INFO]: durubu issued server command: /fill -66 13 -60
[15:21:14] [Server thread/INFO]: durubu issued server command: /fill -66 13 -60 -48 26 -37 air
[15:21:14] [Server thread/INFO]: [durubu: Successfully filled 6384 block(s)]
[15:22:35] [Server thread/INFO]: durubu issued server command: /fill -66 13 -60 -48 26 -37 air
[15:23:56] [Server thread/INFO]: durubu issued server command: /tick rate 2
[15:23:56] [Server thread/INFO]: [durubu: Set the target tick rate to 2.0 per second]
[15:24:00] [Server thread/INFO]: durubu issued server command: /gamemode survival
[15:24:00] [Server thread/INFO]: [durubu: Set own game mode to Survival Mode]
[15:24:39] [Server thread/INFO]: durubu was blown up by durubu
[15:24:54] [Server thread/INFO]: durubu issued server command: /gamemode spectator
[15:24:54] [Server thread/INFO]: [durubu: Set own game mode to Spectator Mode]
[15:25:13] [Server thread/INFO]: durubu issued server command: /gamemode creative
[15:25:13] [Server thread/INFO]: [durubu: Set own game mode to Creative Mode]
[15:25:25] [Server thread/INFO]: durubu issued server command: /kick @e[type=item][
[15:25:28] [Server thread/INFO]: durubu issued server command: /kick @e[type=item]
[15:25:35] [Server thread/INFO]: durubu issued server command: /kill @e[type=item]
[15:25:35] [Server thread/INFO]: [durubu: Killed 36 entities]
[15:26:06] [Server thread/INFO]: durubu issued server command: /gamemode spectator
[15:26:06] [Server thread/INFO]: [durubu: Set own game mode to Spectator Mode]
[15:26:17] [Server thread/INFO]: durubu issued server command: /gamemode survival
[15:26:17] [Server thread/INFO]: [durubu: Set own game mode to Survival Mode]
[15:27:18] [Server thread/INFO]: durubu lost connection: Disconnected
[15:27:18] [Server thread/INFO]: durubu left the game
[16:12:11] [Server thread/INFO]: Stopping the server
[16:12:12] [Server thread/INFO]: Stopping server
[16:12:12] [Server thread/INFO]: [WorldEdit] Disabling WorldEdit v7.3.3+6788-6359df8
[16:12:12] [Server thread/INFO]: Unregistering com.sk89q.worldedit.bukkit.BukkitServerInterface from WorldEdit
[16:12:12] [Server thread/INFO]: [spark] Disabling spark v1.10.73
[16:12:12] [Server thread/INFO]: Saving players
[16:12:12] [Server thread/INFO]: Saving worlds
[16:12:12] [Server thread/INFO]: Saving chunks for level 'ServerLevel[world]'/minecraft:overworld
[16:12:12] [Server thread/INFO]: [ChunkHolderManager] Waiting 60s for chunk system to halt for world 'world'
[16:12:12] [Server thread/INFO]: [ChunkHolderManager] Halted chunk system for world 'world'
[16:12:12] [Server thread/INFO]: [ChunkHolderManager] Saving all chunkholders for world 'world'
[16:12:12] [Server thread/INFO]: [ChunkHolderManager] Saved 512 block chunks, 9 entity chunks, 0 poi chunks in world 'world' in 0.16s
[16:12:12] [Server thread/INFO]: ThreadedAnvilChunkStorage (world): All chunks are saved
[16:12:12] [Server thread/INFO]: Saving chunks for level 'ServerLevel[world_nether]'/minecraft:the_nether
[16:12:12] [Server thread/INFO]: [ChunkHolderManager] Waiting 60s for chunk system to halt for world 'world_nether'
[16:12:12] [Server thread/INFO]: [ChunkHolderManager] Halted chunk system for world 'world_nether'
[16:12:12] [Server thread/INFO]: [ChunkHolderManager] Saving all chunkholders for world 'world_nether'
[16:12:12] [Server thread/INFO]: [ChunkHolderManager] Saved 0 block chunks, 12 entity chunks, 0 poi chunks in world 'world_nether' in 0.00s
[16:12:12] [Server thread/INFO]: ThreadedAnvilChunkStorage (DIM-1): All chunks are saved
[16:12:12] [Server thread/INFO]: Saving chunks for level 'ServerLevel[world_the_end]'/minecraft:the_end
[16:12:12] [Server thread/INFO]: [ChunkHolderManager] Waiting 60s for chunk system to halt for world 'world_the_end'
[16:12:12] [Server thread/INFO]: [ChunkHolderManager] Halted chunk system for world 'world_the_end'
[16:12:12] [Server thread/INFO]: [ChunkHolderManager] Saving all chunkholders for world 'world_the_end'
[16:12:12] [Server thread/INFO]: [ChunkHolderManager] Saved 0 block chunks, 10 entity chunks, 0 poi chunks in world 'world_the_end' in 0.00s
[16:12:12] [Server thread/INFO]: ThreadedAnvilChunkStorage (DIM1): All chunks are saved
[16:12:12] [Server thread/INFO]: ThreadedAnvilChunkStorage: All dimensions are saved
[16:12:12] [Server thread/INFO]: Flushing Chunk IO
[16:12:12] [Server thread/INFO]: Closing Thread Pool
[16:12:12] [Server thread/INFO]: Closing Server
